# JRE version: Java(TM) SE Runtime Environment (8.0_181-b13) (build 1.8.0_181-b13)
# Java VM: Java HotSpot(TM) 64-Bit Server VM (25.181-b13 mixed mode bsd-amd64 compressed oops)
Heap:
 PSYoungGen      total 525824K, used 506981K [0x0000000795580000, 0x00000007bbf80000, 0x00000007c0000000)
  eden space 485376K, 96% used [0x0000000795580000,0x00000007b1d88f58,0x00000007b2f80000)
  from space 40448K, 98% used [0x00000007b3e80000,0x00000007b6590860,0x00000007b6600000)
  to   space 73728K, 0% used [0x00000007b7780000,0x00000007b7780000,0x00000007bbf80000)
 ParOldGen       total 409600K, used 80262K [0x0000000740000000, 0x0000000759000000, 0x0000000795580000)
  object space 409600K, 19% used [0x0000000740000000,0x0000000744e61a40,0x0000000759000000)
 Metaspace       used 150908K, capacity 159524K, committed 159616K, reserved 1187840K
  class space    used 19745K, capacity 21356K, committed 21376K, reserved 1048576K
GC Heap History (10 events):
Event: 163.163 GC heap before
{Heap before GC invocations=19 (full 4):
 PSYoungGen      total 616448K, used 580772K [0x0000000795580000, 0x00000007c0000000, 0x00000007c0000000)
  eden space 534016K, 100% used [0x0000000795580000,0x00000007b5f00000,0x00000007b5f00000)
  from space 82432K, 56% used [0x00000007baf80000,0x00000007bdd29220,0x00000007c0000000)
  to   space 82432K, 0% used [0x00000007b5f00000,0x00000007b5f00000,0x00000007baf80000)
 ParOldGen       total 409600K, used 80214K [0x0000000740000000, 0x0000000759000000, 0x0000000795580000)
  object space 409600K, 19% used [0x0000000740000000,0x0000000744e55a40,0x0000000759000000)
 Metaspace       used 117838K, capacity 124060K, committed 124288K, reserved 1157120K
  class space    used 15568K, capacity 16720K, committed 16768K, reserved 1048576K
Event: 163.204 GC heap after
Heap after GC invocations=19 (full 4):
 PSYoungGen      total 568832K, used 34519K [0x0000000795580000, 0x00000007bf700000, 0x00000007c0000000)
  eden space 534016K, 0% used [0x0000000795580000,0x0000000795580000,0x00000007b5f00000)
  from space 34816K, 99% used [0x00000007b5f00000,0x00000007b80b5fe8,0x00000007b8100000)
  to   space 77824K, 0% used [0x00000007bab00000,0x00000007bab00000,0x00000007bf700000)
 ParOldGen       total 409600K, used 80230K [0x0000000740000000, 0x0000000759000000, 0x0000000795580000)
  object space 409600K, 19% used [0x0000000740000000,0x0000000744e59a40,0x0000000759000000)
 Metaspace       used 117838K, capacity 124060K, committed 124288K, reserved 1157120K
  class space    used 15568K, capacity 16720K, committed 16768K, reserved 1048576K
}
Event: 762.031 GC heap before
{Heap before GC invocations=20 (full 4):
 PSYoungGen      total 568832K, used 568535K [0x0000000795580000, 0x00000007bf700000, 0x00000007c0000000)
  eden space 534016K, 100% used [0x0000000795580000,0x00000007b5f00000,0x00000007b5f00000)
  from space 34816K, 99% used [0x00000007b5f00000,0x00000007b80b5fe8,0x00000007b8100000)
  to   space 77824K, 0% used [0x00000007bab00000,0x00000007bab00000,0x00000007bf700000)
 ParOldGen       total 409600K, used 80230K [0x0000000740000000, 0x0000000759000000, 0x0000000795580000)
  object space 409600K, 19% used [0x0000000740000000,0x0000000744e59a40,0x0000000759000000)
 Metaspace       used 118833K, capacity 125168K, committed 125440K, reserved 1157120K
  class space    used 15644K, capacity 16828K, committed 16896K, reserved 1048576K
Event: 762.108 GC heap after
Heap after GC invocations=20 (full 4):
 PSYoungGen      total 610816K, used 49388K [0x0000000795580000, 0x00000007c0000000, 0x00000007c0000000)
  eden space 532992K, 0% used [0x0000000795580000,0x0000000795580000,0x00000007b5e00000)
  from space 77824K, 63% used [0x00000007bab00000,0x00000007bdb3b018,0x00000007bf700000)
  to   space 78848K, 0% used [0x00000007b5e00000,0x00000007b5e00000,0x00000007bab00000)
 ParOldGen       total 409600K, used 80238K [0x0000000740000000, 0x0000000759000000, 0x0000000795580000)
  object space 409600K, 19% used [0x0000000740000000,0x0000000744e5ba40,0x0000000759000000)
 Metaspace       used 118833K, capacity 125168K, committed 125440K, reserved 1157120K
  class space    used 15644K, capacity 16828K, committed 16896K, reserved 1048576K
}
Event: 1172.682 GC heap before
{Heap before GC invocations=21 (full 4):
 PSYoungGen      total 610816K, used 582380K [0x0000000795580000, 0x00000007c0000000, 0x00000007c0000000)
  eden space 532992K, 100% used [0x0000000795580000,0x00000007b5e00000,0x00000007b5e00000)
  from space 77824K, 63% used [0x00000007bab00000,0x00000007bdb3b018,0x00000007bf700000)
  to   space 78848K, 0% used [0x00000007b5e00000,0x00000007b5e00000,0x00000007bab00000)
 ParOldGen       total 409600K, used 80238K [0x0000000740000000, 0x0000000759000000, 0x0000000795580000)
  object space 409600K, 19% used [0x0000000740000000,0x0000000744e5ba40,0x0000000759000000)
 Metaspace       used 132194K, capacity 139600K, committed 139904K, reserved 1171456K
  class space    used 17394K, capacity 18764K, committed 18816K, reserved 1048576K
Event: 1172.855 GC heap after
Heap after GC invocations=21 (full 4):
 PSYoungGen      total 565760K, used 48953K [0x0000000795580000, 0x00000007be900000, 0x00000007c0000000)
  eden space 516608K, 0% used [0x0000000795580000,0x0000000795580000,0x00000007b4e00000)
  from space 49152K, 99% used [0x00000007b5e00000,0x00000007b8dce580,0x00000007b8e00000)
  to   space 79360K, 0% used [0x00000007b9b80000,0x00000007b9b80000,0x00000007be900000)
 ParOldGen       total 409600K, used 80246K [0x0000000740000000, 0x0000000759000000, 0x0000000795580000)
  object space 409600K, 19% used [0x0000000740000000,0x0000000744e5da40,0x0000000759000000)
 Metaspace       used 132194K, capacity 139600K, committed 139904K, reserved 1171456K
  class space    used 17394K, capacity 18764K, committed 18816K, reserved 1048576K
}
Event: 1298.741 GC heap before
{Heap before GC invocations=22 (full 4):
 PSYoungGen      total 565760K, used 565561K [0x0000000795580000, 0x00000007be900000, 0x00000007c0000000)
  eden space 516608K, 100% used [0x0000000795580000,0x00000007b4e00000,0x00000007b4e00000)
  from space 49152K, 99% used [0x00000007b5e00000,0x00000007b8dce580,0x00000007b8e00000)
  to   space 79360K, 0% used [0x00000007b9b80000,0x00000007b9b80000,0x00000007be900000)
 ParOldGen       total 409600K, used 80246K [0x0000000740000000, 0x0000000759000000, 0x0000000795580000)
  object space 409600K, 19% used [0x0000000740000000,0x0000000744e5da40,0x0000000759000000)
 Metaspace       used 132806K, capacity 140308K, committed 140416K, reserved 1171456K
  class space    used 17414K, capacity 18796K, committed 18816K, reserved 1048576K
Event: 1298.801 GC heap after
Heap after GC invocations=22 (full 4):
 PSYoungGen      total 559104K, used 27666K [0x0000000795580000, 0x00000007bd480000, 0x00000007c0000000)
  eden space 500736K, 0% used [0x0000000795580000,0x0000000795580000,0x00000007b3e80000)
  from space 58368K, 47% used [0x00000007b9b80000,0x00000007bb684a90,0x00000007bd480000)
  to   space 76800K, 0% used [0x00000007b3e80000,0x00000007b3e80000,0x00000007b8980000)
 ParOldGen       total 409600K, used 80254K [0x0000000740000000, 0x0000000759000000, 0x0000000795580000)
  object space 409600K, 19% used [0x0000000740000000,0x0000000744e5fa40,0x0000000759000000)
 Metaspace       used 132806K, capacity 140308K, committed 140416K, reserved 1171456K
  class space    used 17414K, capacity 18796K, committed 18816K, reserved 1048576K
}
Event: 1307.353 GC heap before
{Heap before GC invocations=23 (full 4):
 PSYoungGen      total 559104K, used 528402K [0x0000000795580000, 0x00000007bd480000, 0x00000007c0000000)
  eden space 500736K, 100% used [0x0000000795580000,0x00000007b3e80000,0x00000007b3e80000)
  from space 58368K, 47% used [0x00000007b9b80000,0x00000007bb684a90,0x00000007bd480000)
  to   space 76800K, 0% used [0x00000007b3e80000,0x00000007b3e80000,0x00000007b8980000)
 ParOldGen       total 409600K, used 80254K [0x0000000740000000, 0x0000000759000000, 0x0000000795580000)
  object space 409600K, 19% used [0x0000000740000000,0x0000000744e5fa40,0x0000000759000000)
 Metaspace       used 137760K, capacity 145442K, committed 145664K, reserved 1175552K
  class space    used 17995K, capacity 19443K, committed 19456K, reserved 1048576K
Event: 1307.385 GC heap after
Heap after GC invocations=23 (full 4):
 PSYoungGen      total 525824K, used 40002K [0x0000000795580000, 0x00000007bbf80000, 0x00000007c0000000)
  eden space 485376K, 0% used [0x0000000795580000,0x0000000795580000,0x00000007b2f80000)
  from space 40448K, 98% used [0x00000007b3e80000,0x00000007b6590860,0x00000007b6600000)
  to   space 73728K, 0% used [0x00000007b7780000,0x00000007b7780000,0x00000007bbf80000)
 ParOldGen       total 409600K, used 80262K [0x0000000740000000, 0x0000000759000000, 0x0000000795580000)
  object space 409600K, 19% used [0x0000000740000000,0x0000000744e61a40,0x0000000759000000)
 Metaspace       used 137760K, capacity 145442K, committed 145664K, reserved 1175552K
  class space    used 17995K, capacity 19443K, committed 19456K, reserved 1048576K
}

